===== CU stdout (tail -n 100) =====
[UTIL]   running in SA mode (no --phy-test, --do-ra, --nsa option present)
[0m[OPT]   OPT disabled
[0m[HW]   Version: Branch: develop Abrev. Hash: b2c9a1d2b5 Date: Tue May 20 05:46:54 2025 +0000
[0m[GNB_APP]   Initialized RAN Context: RC.nb_nr_inst = 1, RC.nb_nr_macrlc_inst = 0, RC.nb_nr_L1_inst = 0, RC.nb_RU = 0, RC.nb_nr_CC[0] = 0
[0m[GNB_APP]   F1AP: gNB_CU_id[0] 3584
[0m[GNB_APP]   F1AP: gNB_CU_name[0] gNB-Eurecom-CU
[0m[GNB_APP]   SDAP layer is disabled
[0m[GNB_APP]   Data Radio Bearer count 1
[0m[GNB_APP]   Parsed IPv4 address for NG AMF: 192.168.8.43
[0m[UTIL]   threadCreate() for TASK_SCTP: creating thread with affinity ffffffff, priority 50
[0m[X2AP]   X2AP is disabled.
[0m[UTIL]   threadCreate() for TASK_NGAP: creating thread with affinity ffffffff, priority 50
[0m[UTIL]   threadCreate() for TASK_RRC_GNB: creating thread with affinity ffffffff, priority 50
[0m[NGAP]   Registered new gNB[0] and macro gNB id 3584
[0m[NGAP]   [gNB 0] check the amf registration state
[0m[GTPU]   Configuring GTPu
[0m[GTPU]   SA mode 
[0m[GTPU]   Configuring GTPu address : 192.168.8.43, port : 2152
[0m[NR_RRC]   Entering main loop of NR_RRC message task
[0m[GTPU]   Initializing UDP for local address 192.168.8.43 with port 2152
[0m[GTPU]   Created gtpu instance id: 94
[0m[UTIL]   threadCreate() for TASK_GNB_APP: creating thread with affinity ffffffff, priority 50
[0m[NR_RRC]   Accepting new CU-UP ID 3584 name gNB-Eurecom-CU (assoc_id -1)
[0m[32m[NGAP]   Send NGSetupRequest to AMF
[0m[NGAP]   3584 -> 0000e000
[0m[32m[NGAP]   Received NGSetupResponse from AMF
[0m[UTIL]   threadCreate() for TASK_GTPV1_U: creating thread with affinity ffffffff, priority 50
[0m[UTIL]   threadCreate() for TASK_CU_F1: creating thread with affinity ffffffff, priority 50
[0m[UTIL]   threadCreate() for time source realtime: creating thread with affinity ffffffff, priority 2
[0m[F1AP]   Starting F1AP at CU
[0m[GNB_APP]   [gNB 0] Received NGAP_REGISTER_GNB_CNF: associated AMF 1
[0m[UTIL]   time manager configuration: [time source: reatime] [mode: standalone] [server IP: 127.0.0.1} [server port: 7374] (server IP/port not used)
[0m[F1AP]   F1AP_CU_SCTP_REQ(create socket) for 127.0.0.5 len 10
[0m[GTPU]   Initializing UDP for local address 127.0.0.5 with port 2152
[0m[GTPU]   Created gtpu instance id: 96
[0m[NR_RRC]   Received F1 Setup Request from gNB_DU 3584 (gNB-Eurecom-DU) on assoc_id 246
[0m[NR_RRC]   Accepting DU 3584 (gNB-Eurecom-DU), sending F1 Setup Response
[0m[NR_RRC]   DU uses RRC version 17.3.0
[0m[NR_RRC]   cell PLMN 001.01 Cell ID 1 is in service
[0m[NR_RRC]   Decoding CCCH: RNTI b06d, payload_size 6
[0m[32m[NR_RRC]   [--] (cellID 0, UE ID 1 RNTI b06d) Create UE context: CU UE ID 1 DU UE ID 45165 (rnti: b06d, random ue id e26174ed1f000000)
[0m[RRC]   activate SRB 1 of UE 1
[0m[32m[NR_RRC]   [DL] (cellID 1, UE ID 1 RNTI b06d) Send RRC Setup
[0m[32m[NR_RRC]   [UL] (cellID 1, UE ID 1 RNTI b06d) Received RRCSetupComplete (RRC_CONNECTED reached)
[0m[NGAP]   UE 1: Chose AMF 'OAI-AMF' (assoc_id 243) through selected PLMN Identity index 0 MCC 1 MNC 1
[0m[32m[NR_RRC]   [DL] (cellID 1, UE ID 1 RNTI b06d) Send DL Information Transfer [42 bytes]
[0m[32m[NR_RRC]   [UL] (cellID 1, UE ID 1 RNTI b06d) Received RRC UL Information Transfer [24 bytes]
[0m[32m[NR_RRC]   [DL] (cellID 1, UE ID 1 RNTI b06d) Send DL Information Transfer [21 bytes]
[0m[32m[NR_RRC]   [UL] (cellID 1, UE ID 1 RNTI b06d) Received RRC UL Information Transfer [60 bytes]
[0m[93m[NGAP]   could not find NGAP_ProtocolIE_ID_id_UEAggregateMaximumBitRate
[0m[32m[NR_RRC]   [--] (cellID 1, UE ID 1 RNTI b06d) Selected security algorithms: ciphering 2, integrity 2
[0m[NR_RRC]   [UE b06d] Saved security key 72
[0m[NR_RRC]   UE 1 Logical Channel DL-DCCH, Generate SecurityModeCommand (bytes 3)
[0m[32m[NR_RRC]   [UL] (cellID 1, UE ID 1 RNTI b06d) Received Security Mode Complete
[0m[NR_RRC]   UE 1: Logical Channel DL-DCCH, Generate NR UECapabilityEnquiry (bytes 8, xid 1)
[0m[32m[NR_RRC]   [UL] (cellID 1, UE ID 1 RNTI b06d) Received UE capabilities
[0m[NR_RRC]   Send message to ngap: NGAP_UE_CAPABILITIES_IND
[0m[32m[NR_RRC]   [DL] (cellID 1, UE ID 1 RNTI b06d) Send DL Information Transfer [53 bytes]
[0m[NR_RRC]   Send message to sctp: NGAP_InitialContextSetupResponse
[0m[32m[NR_RRC]   [UL] (cellID 1, UE ID 1 RNTI b06d) Received RRC UL Information Transfer [13 bytes]
[0m[32m[NR_RRC]   [UL] (cellID 1, UE ID 1 RNTI b06d) Received RRC UL Information Transfer [35 bytes]
[0m[NGAP]   PDUSESSIONSetup initiating message
[0m[NR_RRC]   UE 1: received PDU Session Resource Setup Request
[0m[NR_RRC]   Adding pdusession 10, total nb of sessions 1
[0m[NR_RRC]   UE 1: configure DRB ID 1 for PDU session ID 10
[0m[32m[NR_RRC]   [--] (cellID 1, UE ID 1 RNTI b06d) selecting CU-UP ID 3584 based on exact NSSAI match (1:0xffffff)
[0m[RRC]   UE 1 associating to CU-UP assoc_id -1 out of 1 CU-UPs
[0m[E1AP]   UE 1: add PDU session ID 10 (1 bearers)
[0m[GTPU]   [94] Created tunnel for UE ID 1, teid for incoming: 7acdd33d, teid for outgoing 1a to remote IPv4: 192.168.70.134, IPv6 ::
[0m[PDCP]   added drb 1 to UE ID 1
[0m[SDAP]   Default DRB for the created SDAP entity: 1 
[0m[GTPU]   [96] Created tunnel for UE ID 1, teid for incoming: 7829457e, teid for outgoing ffff to remote IPv4: 0.0.0.0, IPv6 ::
[0m[RRC]   activate SRB 2 of UE 1
[0m[RRC]   UE 1 trigger UE context setup request with 1 DRBs
[0m[RRC]   UE b06d replacing existing CellGroupConfig with new one received from DU
[0m[E1AP]   UE 1: updating PDU session ID 10 (1 bearers)
[0m[PDCP]   DRB 1 re-established
[0m[GTPU]   [96] Tunnel Outgoing TEID updated to 9f67448e and address to 300007f
[0m[32m[NR_RRC]   [DL] (cellID 1, UE ID 1 RNTI b06d) Generate RRCReconfiguration (bytes 313, xid 3)
[0m[RRC]   UE 1: PDU session ID 10 modified 1 bearers
[0m[32m[NR_RRC]   [UL] (cellID 1, UE ID 1 RNTI b06d) Received RRCReconfigurationComplete
[0m[NR_RRC]   msg index 0, pdu_sessions index 0, status 2, xid 3): nb_of_pdusessions 1,  pdusession_id 10, teid: 2060309309 
 [0m[NR_RRC]   NGAP_PDUSESSION_SETUP_RESP: sending the message
[0m
===== DU stdout (tail -n 100) =====
[0m[NR_MAC]   Frame.Slot 384.0
UE RNTI b06d CU-UE-ID 1 in-sync PH 48 dB PCMAX 20 dBm, average RSRP -44 (16 meas)
UE b06d: dlsch_rounds 16/0/0/0, dlsch_errors 0, pucch0_DTX 0, BLER 0.05905 MCS (0) 0
UE b06d: ulsch_rounds 180/0/0/0, ulsch_errors 0, ulsch_DTX 0, BLER 0.01216 MCS (0) 2 (Qm 2 deltaMCS 0 dB) NPRB 5  SNR 57.0 dB
UE b06d: MAC:    TX            734 RX           1858 bytes
UE b06d: LCID 1: TX            522 RX            341 bytes
UE b06d: LCID 2: TX              0 RX              0 bytes
UE b06d: LCID 4: TX              3 RX             69 bytes

[0m[NR_MAC]   Frame.Slot 512.0
UE RNTI b06d CU-UE-ID 1 in-sync PH 48 dB PCMAX 20 dBm, average RSRP -44 (16 meas)
UE b06d: dlsch_rounds 17/0/0/0, dlsch_errors 0, pucch0_DTX 0, BLER 0.05314 MCS (0) 0
UE b06d: ulsch_rounds 193/0/0/0, ulsch_errors 0, ulsch_DTX 0, BLER 0.00309 MCS (0) 0 (Qm 2 deltaMCS 0 dB) NPRB 5  SNR 57.0 dB
UE b06d: MAC:    TX            755 RX           2124 bytes
UE b06d: LCID 1: TX            522 RX            341 bytes
UE b06d: LCID 2: TX              0 RX              0 bytes
UE b06d: LCID 4: TX              3 RX             69 bytes

[0m[NR_MAC]   Frame.Slot 640.0
UE RNTI b06d CU-UE-ID 1 in-sync PH 49 dB PCMAX 20 dBm, average RSRP -44 (16 meas)
UE b06d: dlsch_rounds 19/0/0/0, dlsch_errors 0, pucch0_DTX 0, BLER 0.04305 MCS (0) 0
UE b06d: ulsch_rounds 276/0/0/0, ulsch_errors 0, ulsch_DTX 0, BLER 0.00079 MCS (0) 4 (Qm 2 deltaMCS 0 dB) NPRB 7  SNR 57.0 dB
UE b06d: MAC:    TX            797 RX           2892 bytes
UE b06d: LCID 1: TX            522 RX            341 bytes
UE b06d: LCID 2: TX              0 RX              0 bytes
UE b06d: LCID 4: TX              6 RX            133 bytes

[0m[NR_MAC]   Frame.Slot 768.0
UE RNTI b06d CU-UE-ID 1 in-sync PH 48 dB PCMAX 20 dBm, average RSRP -44 (16 meas)
UE b06d: dlsch_rounds 20/0/0/0, dlsch_errors 0, pucch0_DTX 0, BLER 0.03874 MCS (0) 0
UE b06d: ulsch_rounds 288/0/0/0, ulsch_errors 0, ulsch_DTX 0, BLER 0.00022 MCS (0) 0 (Qm 2 deltaMCS 0 dB) NPRB 5  SNR 57.0 dB
UE b06d: MAC:    TX            818 RX           3183 bytes
UE b06d: LCID 1: TX            522 RX            341 bytes
UE b06d: LCID 2: TX              0 RX              0 bytes
UE b06d: LCID 4: TX              6 RX            133 bytes

[0m[NR_MAC]   Frame.Slot 896.0
UE RNTI b06d CU-UE-ID 1 in-sync PH 48 dB PCMAX 20 dBm, average RSRP -44 (16 meas)
UE b06d: dlsch_rounds 22/0/0/0, dlsch_errors 0, pucch0_DTX 0, BLER 0.03138 MCS (0) 0
UE b06d: ulsch_rounds 301/0/0/0, ulsch_errors 0, ulsch_DTX 0, BLER 0.00006 MCS (0) 0 (Qm 2 deltaMCS 0 dB) NPRB 5  SNR 57.0 dB
UE b06d: MAC:    TX            860 RX           3443 bytes
UE b06d: LCID 1: TX            522 RX            341 bytes
UE b06d: LCID 2: TX              0 RX              0 bytes
UE b06d: LCID 4: TX              6 RX            133 bytes

[0m[NR_MAC]   Frame.Slot 0.0
UE RNTI b06d CU-UE-ID 1 in-sync PH 48 dB PCMAX 20 dBm, average RSRP -44 (16 meas)
UE b06d: dlsch_rounds 23/0/0/0, dlsch_errors 0, pucch0_DTX 0, BLER 0.02824 MCS (0) 0
UE b06d: ulsch_rounds 314/0/0/0, ulsch_errors 0, ulsch_DTX 0, BLER 0.00001 MCS (0) 0 (Qm 2 deltaMCS 0 dB) NPRB 5  SNR 57.0 dB
UE b06d: MAC:    TX            881 RX           3703 bytes
UE b06d: LCID 1: TX            522 RX            341 bytes
UE b06d: LCID 2: TX              0 RX              0 bytes
UE b06d: LCID 4: TX              6 RX            133 bytes

[0m[NR_MAC]   Frame.Slot 128.0
UE RNTI b06d CU-UE-ID 1 in-sync PH 48 dB PCMAX 20 dBm, average RSRP -44 (16 meas)
UE b06d: dlsch_rounds 24/0/0/0, dlsch_errors 0, pucch0_DTX 0, BLER 0.02542 MCS (0) 0
UE b06d: ulsch_rounds 327/0/0/0, ulsch_errors 0, ulsch_DTX 0, BLER 0.00000 MCS (0) 0 (Qm 2 deltaMCS 0 dB) NPRB 5  SNR 57.0 dB
UE b06d: MAC:    TX            902 RX           3963 bytes
UE b06d: LCID 1: TX            522 RX            341 bytes
UE b06d: LCID 2: TX              0 RX              0 bytes
UE b06d: LCID 4: TX              6 RX            133 bytes

[0m[NR_MAC]   Frame.Slot 256.0
UE RNTI b06d CU-UE-ID 1 in-sync PH 48 dB PCMAX 20 dBm, average RSRP -44 (16 meas)
UE b06d: dlsch_rounds 27/0/0/0, dlsch_errors 0, pucch0_DTX 0, BLER 0.01853 MCS (0) 0
UE b06d: ulsch_rounds 341/0/0/0, ulsch_errors 0, ulsch_DTX 0, BLER 0.00000 MCS (0) 0 (Qm 2 deltaMCS 0 dB) NPRB 5  SNR 57.0 dB
UE b06d: MAC:    TX            965 RX           4283 bytes
UE b06d: LCID 1: TX            522 RX            341 bytes
UE b06d: LCID 2: TX              0 RX              0 bytes
UE b06d: LCID 4: TX              9 RX            192 bytes

[0m[NR_MAC]   Frame.Slot 384.0
UE RNTI b06d CU-UE-ID 1 in-sync PH 48 dB PCMAX 20 dBm, average RSRP -44 (16 meas)
UE b06d: dlsch_rounds 28/0/0/0, dlsch_errors 0, pucch0_DTX 0, BLER 0.01668 MCS (0) 0
UE b06d: ulsch_rounds 354/0/0/0, ulsch_errors 0, ulsch_DTX 0, BLER 0.00000 MCS (0) 0 (Qm 2 deltaMCS 0 dB) NPRB 5  SNR 57.0 dB
UE b06d: MAC:    TX            986 RX           4543 bytes
UE b06d: LCID 1: TX            522 RX            341 bytes
UE b06d: LCID 2: TX              0 RX              0 bytes
UE b06d: LCID 4: TX              9 RX            192 bytes

[0m[NR_MAC]   Frame.Slot 512.0
UE RNTI b06d CU-UE-ID 1 in-sync PH 48 dB PCMAX 20 dBm, average RSRP -44 (16 meas)
UE b06d: dlsch_rounds 29/0/0/0, dlsch_errors 0, pucch0_DTX 0, BLER 0.01501 MCS (0) 0
UE b06d: ulsch_rounds 367/0/0/0, ulsch_errors 0, ulsch_DTX 0, BLER 0.00000 MCS (0) 0 (Qm 2 deltaMCS 0 dB) NPRB 5  SNR 57.0 dB
UE b06d: MAC:    TX           1007 RX           4803 bytes
UE b06d: LCID 1: TX            522 RX            341 bytes
UE b06d: LCID 2: TX              0 RX              0 bytes
UE b06d: LCID 4: TX              9 RX            192 bytes

[0m[NR_MAC]   Frame.Slot 640.0
UE RNTI b06d CU-UE-ID 1 in-sync PH 48 dB PCMAX 20 dBm, average RSRP -44 (16 meas)
UE b06d: dlsch_rounds 30/0/0/0, dlsch_errors 0, pucch0_DTX 0, BLER 0.01351 MCS (0) 0
UE b06d: ulsch_rounds 380/0/0/0, ulsch_errors 0, ulsch_DTX 0, BLER 0.00000 MCS (0) 0 (Qm 2 deltaMCS 0 dB) NPRB 5  SNR 57.0 dB
UE b06d: MAC:    TX           1028 RX           5063 bytes
UE b06d: LCID 1: TX            522 RX            341 bytes
UE b06d: LCID 2: TX              0 RX              0 bytes
UE b06d: LCID 4: TX              9 RX            192 bytes

[0m
===== UE stdout (tail -n 100) =====
[CONFIG] function config_libconfig_init returned 0
UE threads created by 278081
TYPE <CTRL-C> TO TERMINATE
Initializing random number generator, seed 8448752491814524612
Entering ITTI signals handler
TYPE <CTRL-C> TO TERMINATE
kgnb : 72 fb bd d8 e0 66 57 42 02 65 45 44 fa 13 69 e3 c4 8b 15 0c 80 2c b6 9a c1 65 ef 21 53 dc fd 52 
kausf:a1 c7 ea 2e c2 aa fd d8 41 ec d9 99 a3 3c 4b 8d 19 8a 25 c7 39 ef 2f a2 64 26 8c 29 58 e7 63 f6 
kseaf:77 d 30 e6 c8 42 44 4 41 c2 67 62 48 8e 40 ce ef 8 b 15 d 37 62 c1 fb b6 54 74 5a 62 c7 2d 
kamf:22 52 99 92 2f 69 68 d9 70 fa 34 a7 27 0 2a 1d f0 d8 a8 a3 ef 54 2a 8b 77 26 79 16 f9 14 f8 ae 
knas_int: fb ee d6 1c 21 31 8d f5 1c 1b 3b 8 3d f5 fd e6 
knas_enc: 27 ee 3 83 38 be f7 94 a2 38 f6 a9 ef fe 91 37 
mac 43 7 41 3a 
[NR_RRC]   deriving kRRCenc, kRRCint from KgNB=72 fb bd d8 e0 66 57 42 02 65 45 44 fa 13 69 e3 c4 8b 15 0c 80 2c b6 9a c1 65 ef 21 53 dc fd 52 [0m
[NR_RRC]   securityModeComplete payload: 28 00 00 00 00 00 00 00 00 00 00 00 00 00 00 00 [0m
<UE-NR-Capability>
    <accessStratumRelease><rel15/></accessStratumRelease>
    <pdcp-Parameters>
        <supportedROHC-Profiles>
            <profile0x0000><false/></profile0x0000>
            <profile0x0001><false/></profile0x0001>
            <profile0x0002><false/></profile0x0002>
            <profile0x0003><false/></profile0x0003>
            <profile0x0004><false/></profile0x0004>
            <profile0x0006><false/></profile0x0006>
            <profile0x0101><false/></profile0x0101>
            <profile0x0102><false/></profile0x0102>
            <profile0x0103><false/></profile0x0103>
            <profile0x0104><false/></profile0x0104>
        </supportedROHC-Profiles>
        <maxNumberROHC-ContextSessions><cs2/></maxNumberROHC-ContextSessions>
    </pdcp-Parameters>
    <phy-Parameters>
    </phy-Parameters>
    <rf-Parameters>
        <supportedBandListNR>
            <BandNR>
                <bandNR>1</bandNR>
            </BandNR>
        </supportedBandListNR>
    </rf-Parameters>
</UE-NR-Capability>
[PHY]   [RRC]UE NR Capability encoded, 10 bytes (86 bits)
[0m[NR_RRC]   UECapabilityInformation Encoded 106 bits (14 bytes)
[0m[NAS]   [UE 0] Received NAS_DOWNLINK_DATA_IND: length 53 , buffer 0x7f01f8036900
[0m[NAS]   Received Registration Accept with result 3GPP
[0m[NAS]   SMS not allowed in 5GS Registration Result
[0m[NR_RRC]   5G-GUTI: AMF pointer 1, AMF Set ID 1, 5G-TMSI 1256432672 
[0m[NAS]   Send NAS_UPLINK_DATA_REQ message(RegistrationComplete)
[0m[NAS]   Send NAS_UPLINK_DATA_REQ message(PduSessionEstablishRequest)
[0m[NR_RRC]   RRCReconfiguration includes radio Bearer Configuration
[0m[PDCP]   added drb 1 to UE ID 0
[0m[SDAP]   Default DRB for the created SDAP entity: 1 
[0m[NR_RRC]   State = NR_RRC_CONNECTED
[0m[RLC]   Added srb 2 to UE 0
[0m[RLC]   Added drb 1 to UE 0
[0m[RLC]   Added DRB to UE 0
[0m[NR_RRC]   RRCReconfiguration includes Measurement Configuration
[0m[NR_RRC]   rrcReconfigurationComplete Encoded 10 bits (2 bytes)
[0m[NAS]   [UE 0] Received NAS_CONN_ESTABLI_CNF: errCode 1, length 98
[0m[NR_RRC]    Logical Channel UL-DCCH (SRB1), Generating RRCReconfigurationComplete (bytes 2)
[0m[NAS]   Received PDU Session Establishment Accept, UE IPv4: 10.0.0.15
[0mUnknown IEI 129
[MAC]   [UE 0] Applying CellGroupConfig from gNodeB
[0m[OIP]   Interface oaitun_ue1 successfully configured, IPv4 10.0.0.15, IPv6 (null)
[0m[UTIL]   threadCreate() for ue_tun_read_0_p10: creating thread with affinity ffffffff, priority 1
[0m[NR_MAC]   UE 0 stats sfn: 384.8, cumulated bad DCI 0
    DL harq: 16/0
    Ul harq: 181/0 avg code rate 0.3, avg bit/symbol 2.2, avg per TB: (nb RBs 6.0, nb symbols 3.4)
[0m[NR_MAC]   UE 0 stats sfn: 512.8, cumulated bad DCI 0
    DL harq: 17/0
    Ul harq: 194/0 avg code rate 0.3, avg bit/symbol 2.2, avg per TB: (nb RBs 6.0, nb symbols 4.0)
[0m[NR_MAC]   UE 0 stats sfn: 640.8, cumulated bad DCI 0
    DL harq: 19/0
    Ul harq: 277/0 avg code rate 0.3, avg bit/symbol 2.2, avg per TB: (nb RBs 6.1, nb symbols 4.0)
[0m[NR_MAC]   UE 0 stats sfn: 768.8, cumulated bad DCI 0
    DL harq: 20/0
    Ul harq: 289/0 avg code rate 0.3, avg bit/symbol 2.1, avg per TB: (nb RBs 6.0, nb symbols 4.4)
[0m[NR_MAC]   UE 0 stats sfn: 896.8, cumulated bad DCI 0
    DL harq: 22/0
    Ul harq: 302/0 avg code rate 0.3, avg bit/symbol 2.1, avg per TB: (nb RBs 6.0, nb symbols 4.8)
[0m[NR_MAC]   UE 0 stats sfn: 0.8, cumulated bad DCI 0
    DL harq: 23/0
    Ul harq: 315/0 avg code rate 0.2, avg bit/symbol 2.1, avg per TB: (nb RBs 5.9, nb symbols 5.1)
[0m[NR_MAC]   UE 0 stats sfn: 128.8, cumulated bad DCI 0
    DL harq: 24/0
    Ul harq: 328/0 avg code rate 0.2, avg bit/symbol 2.1, avg per TB: (nb RBs 5.9, nb symbols 5.4)
[0m[NR_MAC]   UE 0 stats sfn: 256.8, cumulated bad DCI 0
    DL harq: 27/0
    Ul harq: 343/0 avg code rate 0.2, avg bit/symbol 2.1, avg per TB: (nb RBs 6.1, nb symbols 5.7)
[0m[NR_MAC]   UE 0 stats sfn: 384.8, cumulated bad DCI 0
    DL harq: 28/0
    Ul harq: 355/0 avg code rate 0.2, avg bit/symbol 2.1, avg per TB: (nb RBs 6.1, nb symbols 6.0)
[0m[NR_MAC]   UE 0 stats sfn: 512.8, cumulated bad DCI 0
    DL harq: 29/0
    Ul harq: 368/0 avg code rate 0.2, avg bit/symbol 2.1, avg per TB: (nb RBs 6.0, nb symbols 6.2)
[0m[NR_MAC]   UE 0 stats sfn: 640.8, cumulated bad DCI 0
    DL harq: 30/0
    Ul harq: 381/0 avg code rate 0.2, avg bit/symbol 2.1, avg per TB: (nb RBs 6.0, nb symbols 6.4)
[0m
