Blacklisted PRBs 0/106
 0. 0. 0. 0. 0. 0. 0. 0. 0. 0. 0. 0. 0. 0. 0. 0. 0. 0. 0. 0. 0. 0. 0. 0. 0.
 0. 0. 0. 0. 0. 0. 0. 0. 0. 0. 0. 0. 0. 0. 0. 0. 0. 0. 0. 0. 0. 0. 0. 0. 0.
 0. 0. 0. 0. 0. 0. 0. 0. 0. 0. 0. 0. 0. 0. 0. 0. 0. 0. 0. 0. 0. 0. 0. 0. 0.
 0. 0. 0. 0. 0. 0. 0. 0. 0. 0. 0. 0. 0. 0. 0. 0. 0. 0. 0. 0. 0. 0. 0. 0. 0.
 0. 0. 0. 0. 0. 0.
max_IO = 0 (0), min_I0 = 0 (0), avg_I0 = 0 dB(0.0.0.0.)
PRACH I0 = 0.0 dB
DLSCH RNTI a9af: current_Qm 2, current_RI 1, total_bytes TX 1214
ULSCH RNTI a9af, 696: ulsch_power[0] 50,9 ulsch_noise_power[0] 0.0, sync_pos -1
                  ulsch_power[1] 50.9, ulsch_noise_power[1] 0.0
                  ulsch_power[2] 50.9, ulsch_noise_power[2] 0.0
                  ulsch_power[3] 50.9, ulsch_noise_power[3] 0.0
                 round_trials 189(0.0e+00):0(0.0e+00):0(0.0e+00):0, DTX 0, current_Qm 0, current_RI 0, total_bytes RX/SCHED 0/0

       round_trials 0(-nan):0(-nan):0(-nan):0, DTX 0, current_Qm 0, current_RI 0, total_bytes RX/SCHED 0/0
ULSCH RNTI a9af, 141: ulsch_power[0] 50,6 ulsch_noise_power[0] 0.0, sync_pos 0
                  ulsch_power[1] 50.6, ulsch_noise_power[1] 0.0
                  ulsch_power[2] 50.6, ulsch_noise_power[2] 0.0
                  ulsch_power[3] 50.6, ulsch_noise_power[3] 0.0
                 round_trials 133(0.0e+00):0(0.0e+00):0(0.0e+00):0, DTX 0, current_Qm 0, current_RI 0, total_bytes RX/SCHED 0/0
ULSCH RNTI 3497, 134: ulsch_power[0] 0,0 ulsch_noise_power[0] 0.0, sync_pos 0
                  ulsch_power[1] 0.0, ulsch_noise_power[1] 0.0
                  ulsch_power[2] 0.0, ulsch_noise_power[2] 0.0
                  ulsch_power[3] 0.0, ulsch_noise_power[3] 0.0
                 round_trials 1(0.0e+00):0(0.0e+00):0(0.0e+00):0, DTX 3, current_Qm 0, current_RI 0, total_bytes RX/SCHED 0/0

