[UTIL]   running in SA mode (no --phy-test, --do-ra, --nsa option present)
[0m[OPT]   OPT disabled
[0m[HW]   Version: Branch: develop Abrev. Hash: b2c9a1d2b5 Date: Tue May 20 05:46:54 2025 +0000
[0m[GNB_APP]   Initialized RAN Context: RC.nb_nr_inst = 1, RC.nb_nr_macrlc_inst = 1, RC.nb_nr_L1_inst = 1, RC.nb_RU = 1, RC.nb_nr_CC[0] = 1
[0m[NR_PHY]   Initializing gNB RAN context: RC.nb_nr_L1_inst = 1 
[0m[NR_PHY]   Registered with MAC interface module (0x54475e0)
[0m[NR_PHY]   Initializing NR L1: RC.nb_nr_L1_inst = 1
[0m[NR_PHY]   L1_RX_THREAD_CORE -1 (15)
[0m[NR_PHY]   TX_AMP = 519 (-36 dBFS)
[0m[PHY]   No prs_config configuration found..!!
[0m[GNB_APP]   pdsch_AntennaPorts N1 2 N2 1 XP 2 pusch_AntennaPorts 4
[0m[GNB_APP]   minTXRXTIME 6
[0m[GNB_APP]   SIB1 TDA 15
[0m[GNB_APP]   CSI-RS 0, SRS 0, SINR:0, 256 QAM force off, delta_MCS off, maxMIMO_Layers 1, HARQ feedback enabled, num DLHARQ:16, num ULHARQ:16
[0m[NR_MAC]   No RedCap configuration found
[0m[GNB_APP]   sr_ProhibitTimer 0, sr_TransMax 64, sr_ProhibitTimer_v1700 0, t300 400, t301 400, t310 2000, n310 10, t311 3000, n311 1, t319 400
[0m[NR_MAC]   Candidates per PDCCH aggregation level on UESS: L1: 0, L2: 2, L4: 0, L8: 0, L16: 0
[0m[RRC]   Read in ServingCellConfigCommon (PhysCellId 0, ABSFREQSSB 641280, DLBand 78, ABSFREQPOINTA 640008, DLBW 106,RACH_TargetReceivedPower -96
[0m[RRC]   absoluteFrequencySSB 641280 corresponds to 3619200000 Hz
[0m[NR_MAC]   TDD period index = 6, based on the sum of dl_UL_TransmissionPeriodicity from Pattern1 (5.000000 ms) and Pattern2 (0.000000 ms): Total = 5.000000 ms
[0m[UTIL]   threadCreate() for MAC_STATS: creating thread with affinity ffffffff, priority 2
[0m[NR_MAC]   PUSCH Target 200, PUCCH Target 150, PUCCH Failure 10, PUSCH Failure 10
[0m[NR_PHY]   Copying 0 blacklisted PRB to L1 context
[0m[NR_MAC]   Set TX antenna number to 4, Set RX antenna number to 4 (num ssb 1: 80000000,0)
[0m[NR_MAC]   TDD period index = 6, based on the sum of dl_UL_TransmissionPeriodicity from Pattern1 (5.000000 ms) and Pattern2 (0.000000 ms): Total = 5.000000 ms
[0m[NR_MAC]   Set TDD configuration period to: 8 DL slots, 3 UL slots, 10 slots per period (NR_TDD_UL_DL_Pattern is 7 DL slots, 2 UL slots, 6 DL symbols, 4 UL symbols)
[0m[NR_MAC]   Configured 1 TDD patterns (total slots: pattern1 = 10, pattern2 = 0)
[0m[NR_PHY]   Set TDD Period Configuration: 2 periods per frame, 20 slots to be configured (8 DL, 3 UL)
[0m[NR_PHY]   TDD period configuration: slot 0 is DOWNLINK
[0m[NR_PHY]   TDD period configuration: slot 1 is DOWNLINK
[0m[NR_PHY]   TDD period configuration: slot 2 is DOWNLINK
[0m[NR_PHY]   TDD period configuration: slot 3 is DOWNLINK
[0m[NR_PHY]   TDD period configuration: slot 4 is DOWNLINK
[0m[NR_PHY]   TDD period configuration: slot 5 is DOWNLINK
[0m[NR_PHY]   TDD period configuration: slot 6 is DOWNLINK
[0m[NR_PHY]   TDD period configuration: slot 7 is FLEXIBLE: DDDDDDFFFFUUUU
[0m[NR_PHY]   TDD period configuration: slot 8 is UPLINK
[0m[NR_PHY]   TDD period configuration: slot 9 is UPLINK
[0m[PHY]   DL frequency 3619200000 Hz, UL frequency 3619200000 Hz: band 48, uldl offset 0 Hz
[0m[PHY]   Initializing frame parms for mu 1, N_RB 106, Ncp 0
[0m[PHY]   Init: N_RB_DL 106, first_carrier_offset 1412, nb_prefix_samples 144,nb_prefix_samples0 176, ofdm_symbol_size 2048
[0m[NR_RRC]   SIB1 freq: offsetToPointA 86
[0m[GNB_APP]   F1AP: gNB idx 0 gNB_DU_id 3584, gNB_DU_name gNB-Eurecom-DU, TAC 1 MCC/MNC/length 1/1/2 cellID 1
[0m[GNB_APP]   ngran_DU: Configuring Cell 0 for TDD
[0m[GNB_APP]   SDAP layer is disabled
[0m[GNB_APP]   Data Radio Bearer count 1
[0m[UTIL]   threadCreate() for TASK_SCTP: creating thread with affinity ffffffff, priority 50
[0m[X2AP]   X2AP is disabled.
[0m[UTIL]   threadCreate() for TASK_GNB_APP: creating thread with affinity ffffffff, priority 50
[0m[UTIL]   threadCreate() for TASK_GTPV1_U: creating thread with affinity ffffffff, priority 50
[0m[UTIL]   threadCreate() for TASK_DU_F1: creating thread with affinity ffffffff, priority 50
[0m[UTIL]   threadCreate() for time source iq samples: creating thread with affinity ffffffff, priority 2
[0m[F1AP]   Starting F1AP at DU
[0m[F1AP]   F1-C DU IPaddr 127.0.0.3, connect to F1-C CU 198.128.224.238, binding GTP to 127.0.0.3
[0m[UTIL]   time manager configuration: [time source: iq_samples] [mode: standalone] [server IP: 127.0.0.1} [server port: 7374] (server IP/port not used)
[0m[GTPU]   Initializing UDP for local address 127.0.0.3 with port 2152
[0m[GTPU]   Created gtpu instance id: 94
[0m[PHY]   RU clock source set as internal
[0m[PHY]   number of L1 instances 1, number of RU 1, number of CPU cores 32
[0m[PHY]   Initialized RU proc 0 (,synch_to_ext_device),
[0m[PHY]   RU thread-pool core string -1,-1 (size 2)
[0m[UTIL]   threadCreate() for Tpool0_-1: creating thread with affinity ffffffff, priority 97
[0m[UTIL]   threadCreate() for Tpool1_-1: creating thread with affinity ffffffff, priority 97
[0m[93m[GNB_APP]   waiting for F1 Setup Response before activating radio
[0m