===== CU stdout (tail -n 100) =====
[UTIL]   running in SA mode (no --phy-test, --do-ra, --nsa option present)
[0m[OPT]   OPT disabled
[0m[HW]   Version: Branch: develop Abrev. Hash: b2c9a1d2b5 Date: Tue May 20 05:46:54 2025 +0000
[0m[GNB_APP]   Initialized RAN Context: RC.nb_nr_inst = 1, RC.nb_nr_macrlc_inst = 0, RC.nb_nr_L1_inst = 0, RC.nb_RU = 0, RC.nb_nr_CC[0] = 0
[0m[GNB_APP]   F1AP: gNB_CU_id[0] 3584
[0m[GNB_APP]   F1AP: gNB_CU_name[0] gNB-Eurecom-CU
[0m[GNB_APP]   SDAP layer is disabled
[0m[GNB_APP]   Data Radio Bearer count 1
[0m[GNB_APP]   Parsed IPv4 address for NG AMF: 192.168.8.43
[0m[UTIL]   threadCreate() for TASK_SCTP: creating thread with affinity ffffffff, priority 50
[0m[X2AP]   X2AP is disabled.
[0m[UTIL]   threadCreate() for TASK_NGAP: creating thread with affinity ffffffff, priority 50
[0m[UTIL]   threadCreate() for TASK_RRC_GNB: creating thread with affinity ffffffff, priority 50
[0m[NGAP]   Registered new gNB[0] and macro gNB id 3584
[0m[NGAP]   [gNB 0] check the amf registration state
[0m[NR_RRC]   Entering main loop of NR_RRC message task
[0m[GTPU]   Configuring GTPu
[0m[GTPU]   SA mode 
[0m[GTPU]   Configuring GTPu address : 192.168.8.43, port : 2152
[0m[GTPU]   Initializing UDP for local address 192.168.8.43 with port 2152
[0m[GTPU]   Created gtpu instance id: 94
[0m[UTIL]   threadCreate() for TASK_GNB_APP: creating thread with affinity ffffffff, priority 50
[0m[NR_RRC]   Accepting new CU-UP ID 3584 name gNB-Eurecom-CU (assoc_id -1)
[0m[32m[NGAP]   Send NGSetupRequest to AMF
[0m[NGAP]   3584 -> 0000e000
[0m[32m[NGAP]   Received NGSetupResponse from AMF
[0m[UTIL]   threadCreate() for TASK_GTPV1_U: creating thread with affinity ffffffff, priority 50
[0m[UTIL]   threadCreate() for TASK_CU_F1: creating thread with affinity ffffffff, priority 50
[0m[UTIL]   threadCreate() for time source realtime: creating thread with affinity ffffffff, priority 2
[0m[F1AP]   Starting F1AP at CU
[0m[GNB_APP]   [gNB 0] Received NGAP_REGISTER_GNB_CNF: associated AMF 1
[0m[UTIL]   time manager configuration: [time source: reatime] [mode: standalone] [server IP: 127.0.0.1} [server port: 7374] (server IP/port not used)
[0m[F1AP]   F1AP_CU_SCTP_REQ(create socket) for 127.0.0.5 len 10
[0m[GTPU]   Initializing UDP for local address 127.0.0.5 with port 2152
[0m[GTPU]   Created gtpu instance id: 96
[0m[NR_RRC]   Received F1 Setup Request from gNB_DU 3584 (gNB-Eurecom-DU) on assoc_id 2339
[0m[NR_RRC]   Accepting DU 3584 (gNB-Eurecom-DU), sending F1 Setup Response
[0m[NR_RRC]   DU uses RRC version 17.3.0
[0m[NR_RRC]   cell PLMN 001.01 Cell ID 1 is in service
[0m[NR_RRC]   Decoding CCCH: RNTI 4434, payload_size 6
[0m[32m[NR_RRC]   [--] (cellID 0, UE ID 1 RNTI 4434) Create UE context: CU UE ID 1 DU UE ID 17460 (rnti: 4434, random ue id b6487983fb000000)
[0m[RRC]   activate SRB 1 of UE 1
[0m[32m[NR_RRC]   [DL] (cellID 1, UE ID 1 RNTI 4434) Send RRC Setup
[0m[32m[NR_RRC]   [UL] (cellID 1, UE ID 1 RNTI 4434) Received RRCSetupComplete (RRC_CONNECTED reached)
[0m[NGAP]   UE 1: Chose AMF 'OAI-AMF' (assoc_id 2336) through selected PLMN Identity index 0 MCC 1 MNC 1
[0m[32m[NR_RRC]   [DL] (cellID 1, UE ID 1 RNTI 4434) Send DL Information Transfer [42 bytes]
[0m[32m[NR_RRC]   [UL] (cellID 1, UE ID 1 RNTI 4434) Received RRC UL Information Transfer [24 bytes]
[0m[32m[NR_RRC]   [DL] (cellID 1, UE ID 1 RNTI 4434) Send DL Information Transfer [21 bytes]
[0m[32m[NR_RRC]   [UL] (cellID 1, UE ID 1 RNTI 4434) Received RRC UL Information Transfer [60 bytes]
[0m[93m[NGAP]   could not find NGAP_ProtocolIE_ID_id_UEAggregateMaximumBitRate
[0m[32m[NR_RRC]   [--] (cellID 1, UE ID 1 RNTI 4434) Selected security algorithms: ciphering 2, integrity 2
[0m[NR_RRC]   [UE 4434] Saved security key 04
[0m[NR_RRC]   UE 1 Logical Channel DL-DCCH, Generate SecurityModeCommand (bytes 3)
[0m[32m[NR_RRC]   [UL] (cellID 1, UE ID 1 RNTI 4434) Received Security Mode Complete
[0m[NR_RRC]   UE 1: Logical Channel DL-DCCH, Generate NR UECapabilityEnquiry (bytes 8, xid 1)
[0m[32m[NR_RRC]   [UL] (cellID 1, UE ID 1 RNTI 4434) Received UE capabilities
[0m[NR_RRC]   Send message to ngap: NGAP_UE_CAPABILITIES_IND
[0m[32m[NR_RRC]   [DL] (cellID 1, UE ID 1 RNTI 4434) Send DL Information Transfer [53 bytes]
[0m[NR_RRC]   Send message to sctp: NGAP_InitialContextSetupResponse
[0m[32m[NR_RRC]   [UL] (cellID 1, UE ID 1 RNTI 4434) Received RRC UL Information Transfer [13 bytes]
[0m[32m[NR_RRC]   [UL] (cellID 1, UE ID 1 RNTI 4434) Received RRC UL Information Transfer [35 bytes]
[0m[NGAP]   PDUSESSIONSetup initiating message
[0m[NR_RRC]   UE 1: received PDU Session Resource Setup Request
[0m[NR_RRC]   Adding pdusession 10, total nb of sessions 1
[0m[NR_RRC]   UE 1: configure DRB ID 1 for PDU session ID 10
[0m[32m[NR_RRC]   [--] (cellID 1, UE ID 1 RNTI 4434) selecting CU-UP ID 3584 based on exact NSSAI match (1:0xffffff)
[0m[RRC]   UE 1 associating to CU-UP assoc_id -1 out of 1 CU-UPs
[0m[E1AP]   UE 1: add PDU session ID 10 (1 bearers)
[0m[GTPU]   [94] Created tunnel for UE ID 1, teid for incoming: c73d8d09, teid for outgoing 107 to remote IPv4: 192.168.70.134, IPv6 ::
[0m[PDCP]   added drb 1 to UE ID 1
[0m[SDAP]   Default DRB for the created SDAP entity: 1 
[0m[GTPU]   [96] Created tunnel for UE ID 1, teid for incoming: 60696077, teid for outgoing ffff to remote IPv4: 0.0.0.0, IPv6 ::
[0m[RRC]   activate SRB 2 of UE 1
[0m[RRC]   UE 1 trigger UE context setup request with 1 DRBs
[0m[RRC]   UE 4434 replacing existing CellGroupConfig with new one received from DU
[0m[E1AP]   UE 1: updating PDU session ID 10 (1 bearers)
[0m[PDCP]   DRB 1 re-established
[0m[GTPU]   [96] Tunnel Outgoing TEID updated to 89c08246 and address to 300007f
[0m[32m[NR_RRC]   [DL] (cellID 1, UE ID 1 RNTI 4434) Generate RRCReconfiguration (bytes 313, xid 3)
[0m[RRC]   UE 1: PDU session ID 10 modified 1 bearers
[0m[32m[NR_RRC]   [UL] (cellID 1, UE ID 1 RNTI 4434) Received RRCReconfigurationComplete
[0m[NR_RRC]   msg index 0, pdu_sessions index 0, status 2, xid 3): nb_of_pdusessions 1,  pdusession_id 10, teid: 3342699785 
 [0m[NR_RRC]   NGAP_PDUSESSION_SETUP_RESP: sending the message
[0m
===== DU stdout (tail -n 100) =====
[0m[NR_MAC]   Frame.Slot 384.0
UE RNTI 4434 CU-UE-ID 1 in-sync PH 48 dB PCMAX 20 dBm, average RSRP -44 (16 meas)
UE 4434: dlsch_rounds 16/0/0/0, dlsch_errors 0, pucch0_DTX 0, BLER 0.06561 MCS (0) 0
UE 4434: ulsch_rounds 49/0/0/0, ulsch_errors 0, ulsch_DTX 0, BLER 0.00985 MCS (0) 0 (Qm 2 deltaMCS 0 dB) NPRB 5  SNR 56.5 dB
UE 4434: MAC:    TX            738 RX           1028 bytes
UE 4434: LCID 1: TX            522 RX            313 bytes
UE 4434: LCID 2: TX              0 RX              0 bytes
UE 4434: LCID 4: TX              3 RX             59 bytes

[0m[NR_MAC]   Frame.Slot 512.0
UE RNTI 4434 CU-UE-ID 1 in-sync PH 48 dB PCMAX 20 dBm, average RSRP -44 (16 meas)
UE 4434: dlsch_rounds 18/0/0/0, dlsch_errors 0, pucch0_DTX 0, BLER 0.05314 MCS (0) 0
UE 4434: ulsch_rounds 65/0/0/0, ulsch_errors 0, ulsch_DTX 0, BLER 0.00250 MCS (0) 0 (Qm 2 deltaMCS 0 dB) NPRB 5  SNR 56.5 dB
UE 4434: MAC:    TX            780 RX           1368 bytes
UE 4434: LCID 1: TX            522 RX            313 bytes
UE 4434: LCID 2: TX              0 RX              0 bytes
UE 4434: LCID 4: TX              6 RX            128 bytes

[0m[NR_MAC]   Frame.Slot 640.0
UE RNTI 4434 CU-UE-ID 1 in-sync PH 48 dB PCMAX 20 dBm, average RSRP -44 (16 meas)
UE 4434: dlsch_rounds 19/0/0/0, dlsch_errors 0, pucch0_DTX 0, BLER 0.04783 MCS (0) 0
UE 4434: ulsch_rounds 77/0/0/0, ulsch_errors 0, ulsch_DTX 0, BLER 0.00071 MCS (0) 0 (Qm 2 deltaMCS 0 dB) NPRB 5  SNR 56.5 dB
UE 4434: MAC:    TX            801 RX           1608 bytes
UE 4434: LCID 1: TX            522 RX            313 bytes
UE 4434: LCID 2: TX              0 RX              0 bytes
UE 4434: LCID 4: TX              6 RX            128 bytes

[0m[NR_MAC]   Frame.Slot 768.0
UE RNTI 4434 CU-UE-ID 1 in-sync PH 48 dB PCMAX 20 dBm, average RSRP -44 (16 meas)
UE 4434: dlsch_rounds 21/0/0/0, dlsch_errors 0, pucch0_DTX 0, BLER 0.03874 MCS (0) 0
UE 4434: ulsch_rounds 90/0/0/0, ulsch_errors 0, ulsch_DTX 0, BLER 0.00018 MCS (0) 0 (Qm 2 deltaMCS 0 dB) NPRB 5  SNR 56.5 dB
UE 4434: MAC:    TX            843 RX           1868 bytes
UE 4434: LCID 1: TX            522 RX            313 bytes
UE 4434: LCID 2: TX              0 RX              0 bytes
UE 4434: LCID 4: TX              6 RX            128 bytes

[0m[NR_MAC]   Frame.Slot 896.0
UE RNTI 4434 CU-UE-ID 1 in-sync PH 48 dB PCMAX 20 dBm, average RSRP -44 (16 meas)
UE 4434: dlsch_rounds 22/0/0/0, dlsch_errors 0, pucch0_DTX 0, BLER 0.03487 MCS (0) 0
UE 4434: ulsch_rounds 103/0/0/0, ulsch_errors 0, ulsch_DTX 0, BLER 0.00005 MCS (0) 0 (Qm 2 deltaMCS 0 dB) NPRB 5  SNR 56.5 dB
UE 4434: MAC:    TX            864 RX           2128 bytes
UE 4434: LCID 1: TX            522 RX            313 bytes
UE 4434: LCID 2: TX              0 RX              0 bytes
UE 4434: LCID 4: TX              6 RX            128 bytes

[0m[NR_MAC]   Frame.Slot 0.0
UE RNTI 4434 CU-UE-ID 1 in-sync PH 48 dB PCMAX 20 dBm, average RSRP -44 (16 meas)
UE 4434: dlsch_rounds 23/0/0/0, dlsch_errors 0, pucch0_DTX 0, BLER 0.03138 MCS (0) 0
UE 4434: ulsch_rounds 116/0/0/0, ulsch_errors 0, ulsch_DTX 0, BLER 0.00001 MCS (0) 0 (Qm 2 deltaMCS 0 dB) NPRB 5  SNR 56.5 dB
UE 4434: MAC:    TX            885 RX           2388 bytes
UE 4434: LCID 1: TX            522 RX            313 bytes
UE 4434: LCID 2: TX              0 RX              0 bytes
UE 4434: LCID 4: TX              6 RX            128 bytes

[0m[NR_MAC]   Frame.Slot 128.0
UE RNTI 4434 CU-UE-ID 1 in-sync PH 48 dB PCMAX 20 dBm, average RSRP -44 (16 meas)
UE 4434: dlsch_rounds 25/0/0/0, dlsch_errors 0, pucch0_DTX 0, BLER 0.02542 MCS (0) 0
UE 4434: ulsch_rounds 131/0/0/0, ulsch_errors 0, ulsch_DTX 0, BLER 0.00000 MCS (0) 0 (Qm 2 deltaMCS 0 dB) NPRB 5  SNR 56.5 dB
UE 4434: MAC:    TX            927 RX           2722 bytes
UE 4434: LCID 1: TX            522 RX            313 bytes
UE 4434: LCID 2: TX              0 RX              0 bytes
UE 4434: LCID 4: TX              9 RX            192 bytes

[0m[NR_MAC]   Frame.Slot 256.0
UE RNTI 4434 CU-UE-ID 1 in-sync PH 48 dB PCMAX 20 dBm, average RSRP -44 (16 meas)
UE 4434: dlsch_rounds 27/0/0/0, dlsch_errors 0, pucch0_DTX 0, BLER 0.02059 MCS (0) 0
UE 4434: ulsch_rounds 143/0/0/0, ulsch_errors 0, ulsch_DTX 0, BLER 0.00000 MCS (0) 0 (Qm 2 deltaMCS 0 dB) NPRB 5  SNR 56.5 dB
UE 4434: MAC:    TX            969 RX           2962 bytes
UE 4434: LCID 1: TX            522 RX            313 bytes
UE 4434: LCID 2: TX              0 RX              0 bytes
UE 4434: LCID 4: TX              9 RX            192 bytes

[0m[NR_MAC]   Frame.Slot 384.0
UE RNTI 4434 CU-UE-ID 1 in-sync PH 48 dB PCMAX 20 dBm, average RSRP -44 (16 meas)
UE 4434: dlsch_rounds 28/0/0/0, dlsch_errors 0, pucch0_DTX 0, BLER 0.01853 MCS (0) 0
UE 4434: ulsch_rounds 156/0/0/0, ulsch_errors 0, ulsch_DTX 0, BLER 0.00000 MCS (0) 0 (Qm 2 deltaMCS 0 dB) NPRB 5  SNR 56.5 dB
UE 4434: MAC:    TX            990 RX           3222 bytes
UE 4434: LCID 1: TX            522 RX            313 bytes
UE 4434: LCID 2: TX              0 RX              0 bytes
UE 4434: LCID 4: TX              9 RX            192 bytes

[0m[NR_MAC]   Frame.Slot 512.0
UE RNTI 4434 CU-UE-ID 1 in-sync PH 48 dB PCMAX 20 dBm, average RSRP -44 (16 meas)
UE 4434: dlsch_rounds 29/0/0/0, dlsch_errors 0, pucch0_DTX 0, BLER 0.01668 MCS (0) 0
UE 4434: ulsch_rounds 169/0/0/0, ulsch_errors 0, ulsch_DTX 0, BLER 0.00000 MCS (0) 0 (Qm 2 deltaMCS 0 dB) NPRB 5  SNR 56.5 dB
UE 4434: MAC:    TX           1011 RX           3482 bytes
UE 4434: LCID 1: TX            522 RX            313 bytes
UE 4434: LCID 2: TX              0 RX              0 bytes
UE 4434: LCID 4: TX              9 RX            192 bytes

[0m[NR_MAC]   Frame.Slot 640.0
UE RNTI 4434 CU-UE-ID 1 in-sync PH 48 dB PCMAX 20 dBm, average RSRP -44 (16 meas)
UE 4434: dlsch_rounds 31/0/0/0, dlsch_errors 0, pucch0_DTX 0, BLER 0.01351 MCS (0) 0
UE 4434: ulsch_rounds 182/0/0/0, ulsch_errors 0, ulsch_DTX 0, BLER 0.00000 MCS (0) 0 (Qm 2 deltaMCS 0 dB) NPRB 5  SNR 56.5 dB
UE 4434: MAC:    TX           1053 RX           3742 bytes
UE 4434: LCID 1: TX            522 RX            313 bytes
UE 4434: LCID 2: TX              0 RX              0 bytes
UE 4434: LCID 4: TX              9 RX            192 bytes

[0m
===== UE stdout (tail -n 100) =====
Initializing random number generator, seed 4914914809341534047
Entering ITTI signals handler
TYPE <CTRL-C> TO TERMINATE
kgnb : 04 08 06 df 77 df 55 e6 aa e5 10 02 7c eb 1c 52 a7 fa f2 bd 8b 9a 0f 4d 26 79 fa ec 2f 10 cf a0 
kausf:50 9b b3 2f 98 df 21 d0 d4 cd a3 eb 3c 9d 47 6d e2 ed 94 7c 25 a 48 28 d9 e2 aa 0 8a 96 d9 45 
kseaf:dd 2b 8 e9 a ec d 39 37 65 4c b0 94 a4 1 1e 92 a8 5b a1 c8 ea f5 fb 24 ce 8b 8d c8 87 fc ec 
kamf:43 ff c3 ef 16 fa db cb 38 ff 64 95 94 6d e6 3d 89 14 54 85 55 42 ae a4 c3 c8 e7 ef 50 43 5b db 
knas_int: 86 32 d8 a8 4b 2b fa 57 22 e7 e8 d6 9f 2 d6 ad 
knas_enc: b4 ad 36 78 8d e2 9b 80 1b 63 3b 60 e6 79 89 40 
mac a4 91 f0 12 
[NR_RRC]   deriving kRRCenc, kRRCint from KgNB=04 08 06 df 77 df 55 e6 aa e5 10 02 7c eb 1c 52 a7 fa f2 bd 8b 9a 0f 4d 26 79 fa ec 2f 10 cf a0 [0m
[NR_RRC]   securityModeComplete payload: 28 00 00 00 00 00 00 00 00 00 00 00 00 00 00 00 [0m
<UE-NR-Capability>
    <accessStratumRelease><rel15/></accessStratumRelease>
    <pdcp-Parameters>
        <supportedROHC-Profiles>
            <profile0x0000><false/></profile0x0000>
            <profile0x0001><false/></profile0x0001>
            <profile0x0002><false/></profile0x0002>
            <profile0x0003><false/></profile0x0003>
            <profile0x0004><false/></profile0x0004>
            <profile0x0006><false/></profile0x0006>
            <profile0x0101><false/></profile0x0101>
            <profile0x0102><false/></profile0x0102>
            <profile0x0103><false/></profile0x0103>
            <profile0x0104><false/></profile0x0104>
        </supportedROHC-Profiles>
        <maxNumberROHC-ContextSessions><cs2/></maxNumberROHC-ContextSessions>
    </pdcp-Parameters>
    <phy-Parameters>
    </phy-Parameters>
    <rf-Parameters>
        <supportedBandListNR>
            <BandNR>
                <bandNR>1</bandNR>
            </BandNR>
        </supportedBandListNR>
    </rf-Parameters>
</UE-NR-Capability>
[PHY]   [RRC]UE NR Capability encoded, 10 bytes (86 bits)
[0m[NR_RRC]   UECapabilityInformation Encoded 106 bits (14 bytes)
[0m[NAS]   [UE 0] Received NAS_DOWNLINK_DATA_IND: length 53 , buffer 0x7fb5240364c0
[0m[NAS]   Received Registration Accept with result 3GPP
[0m[NAS]   SMS not allowed in 5GS Registration Result
[0m[NR_RRC]   5G-GUTI: AMF pointer 1, AMF Set ID 1, 5G-TMSI 1648076138 
[0m[NAS]   Send NAS_UPLINK_DATA_REQ message(RegistrationComplete)
[0m[NAS]   Send NAS_UPLINK_DATA_REQ message(PduSessionEstablishRequest)
[0m[NR_RRC]   RRCReconfiguration includes radio Bearer Configuration
[0m[PDCP]   added drb 1 to UE ID 0
[0m[SDAP]   Default DRB for the created SDAP entity: 1 
[0m[NR_RRC]   State = NR_RRC_CONNECTED
[0m[RLC]   Added srb 2 to UE 0
[0m[RLC]   Added drb 1 to UE 0
[0m[RLC]   Added DRB to UE 0
[0m[NR_RRC]   RRCReconfiguration includes Measurement Configuration
[0m[NAS]   [UE 0] Received NAS_CONN_ESTABLI_CNF: errCode 1, length 98
[0m[NR_RRC]   rrcReconfigurationComplete Encoded 10 bits (2 bytes)
[0m[NR_RRC]    Logical Channel UL-DCCH (SRB1), Generating RRCReconfigurationComplete (bytes 2)
[0m[NAS]   Received PDU Session Establishment Accept, UE IPv4: 10.0.0.251
[0mUnknown IEI 129
[MAC]   [UE 0] Applying CellGroupConfig from gNodeB
[0m[OIP]   Interface oaitun_ue1 successfully configured, IPv4 10.0.0.251, IPv6 (null)
[0m[UTIL]   threadCreate() for ue_tun_read_0_p10: creating thread with affinity ffffffff, priority 1
[0m[NR_MAC]   UE 0 stats sfn: 256.8, cumulated bad DCI 0
    DL harq: 15/0
    Ul harq: 37/0 avg code rate 0.1, avg bit/symbol 2.1, avg per TB: (nb RBs 15.7, nb symbols 9.8)
[0m[NR_MAC]   UE 0 stats sfn: 384.8, cumulated bad DCI 0
    DL harq: 16/0
    Ul harq: 50/0 avg code rate 0.1, avg bit/symbol 2.0, avg per TB: (nb RBs 12.9, nb symbols 10.6)
[0m[NR_MAC]   UE 0 stats sfn: 512.8, cumulated bad DCI 0
    DL harq: 18/0
    Ul harq: 66/0 avg code rate 0.1, avg bit/symbol 2.0, avg per TB: (nb RBs 11.5, nb symbols 11.0)
[0m[NR_MAC]   UE 0 stats sfn: 640.8, cumulated bad DCI 0
    DL harq: 19/0
    Ul harq: 79/0 avg code rate 0.1, avg bit/symbol 2.0, avg per TB: (nb RBs 10.4, nb symbols 11.4)
[0m[NR_MAC]   UE 0 stats sfn: 768.8, cumulated bad DCI 0
    DL harq: 21/0
    Ul harq: 91/0 avg code rate 0.1, avg bit/symbol 2.0, avg per TB: (nb RBs 9.7, nb symbols 11.6)
[0m[NR_MAC]   UE 0 stats sfn: 896.8, cumulated bad DCI 0
    DL harq: 22/0
    Ul harq: 104/0 avg code rate 0.1, avg bit/symbol 2.0, avg per TB: (nb RBs 9.1, nb symbols 11.8)
[0m[NR_MAC]   UE 0 stats sfn: 0.8, cumulated bad DCI 0
    DL harq: 23/0
    Ul harq: 117/0 avg code rate 0.1, avg bit/symbol 2.0, avg per TB: (nb RBs 8.7, nb symbols 11.9)
[0m[NR_MAC]   UE 0 stats sfn: 128.8, cumulated bad DCI 0
    DL harq: 25/0
    Ul harq: 132/0 avg code rate 0.1, avg bit/symbol 2.0, avg per TB: (nb RBs 8.7, nb symbols 11.9)
[0m[NR_MAC]   UE 0 stats sfn: 256.8, cumulated bad DCI 0
    DL harq: 27/0
    Ul harq: 145/0 avg code rate 0.1, avg bit/symbol 2.0, avg per TB: (nb RBs 8.3, nb symbols 12.0)
[0m[NR_MAC]   UE 0 stats sfn: 384.8, cumulated bad DCI 0
    DL harq: 28/0
    Ul harq: 157/0 avg code rate 0.1, avg bit/symbol 2.0, avg per TB: (nb RBs 8.1, nb symbols 12.1)
[0m[NR_MAC]   UE 0 stats sfn: 512.8, cumulated bad DCI 0
    DL harq: 29/0
    Ul harq: 170/0 avg code rate 0.1, avg bit/symbol 2.0, avg per TB: (nb RBs 7.9, nb symbols 12.2)
[0m[NR_MAC]   UE 0 stats sfn: 640.8, cumulated bad DCI 0
    DL harq: 31/0
    Ul harq: 183/0 avg code rate 0.1, avg bit/symbol 2.0, avg per TB: (nb RBs 7.7, nb symbols 12.2)
[0m
