===== CU stdout (tail -n 100) =====
[UTIL]   running in SA mode (no --phy-test, --do-ra, --nsa option present)
[0m[OPT]   OPT disabled
[0m[HW]   Version: Branch: develop Abrev. Hash: b2c9a1d2b5 Date: Tue May 20 05:46:54 2025 +0000
[0m[GNB_APP]   Initialized RAN Context: RC.nb_nr_inst = 1, RC.nb_nr_macrlc_inst = 0, RC.nb_nr_L1_inst = 0, RC.nb_RU = 0, RC.nb_nr_CC[0] = 0
[0m[GNB_APP]   F1AP: gNB_CU_id[0] 3584
[0m[GNB_APP]   F1AP: gNB_CU_name[0] gNB-Eurecom-CU
[0m[GNB_APP]   SDAP layer is disabled
[0m[GNB_APP]   Data Radio Bearer count 1
[0m[GNB_APP]   Parsed IPv4 address for NG AMF: 192.168.70.132
[0m[UTIL]   threadCreate() for TASK_SCTP: creating thread with affinity ffffffff, priority 50
[0m[X2AP]   X2AP is disabled.
[0m[UTIL]   threadCreate() for TASK_NGAP: creating thread with affinity ffffffff, priority 50
[0m[UTIL]   threadCreate() for TASK_RRC_GNB: creating thread with affinity ffffffff, priority 50
[0m[NGAP]   Registered new gNB[0] and macro gNB id 3584
[0m[NGAP]   [gNB 0] check the amf registration state
[0m[GTPU]   Configuring GTPu
[0m[93m[SCTP]   sctp_bindx() SCTP_BINDX_ADD_ADDR failed: errno 99 Cannot assign requested address
[0m[GTPU]   SA mode 
[0m[GTPU]   Configuring GTPu address : 192.168.8.43, port : 2152
[0m[1;31m[SCTP]   could not open socket, no SCTP connection established
[0m[GTPU]   Initializing UDP for local address 192.168.8.43 with port 2152
[0m[NR_RRC]   Entering main loop of NR_RRC message task
[0m[GTPU]   Created gtpu instance id: 93
[0m[UTIL]   threadCreate() for TASK_GNB_APP: creating thread with affinity ffffffff, priority 50
[0m[NR_RRC]   Accepting new CU-UP ID 3584 name gNB-Eurecom-CU (assoc_id -1)
[0m[UTIL]   threadCreate() for TASK_GTPV1_U: creating thread with affinity ffffffff, priority 50
[0m[UTIL]   threadCreate() for TASK_CU_F1: creating thread with affinity ffffffff, priority 50
[0m[UTIL]   threadCreate() for time source realtime: creating thread with affinity ffffffff, priority 2
[0m[F1AP]   Starting F1AP at CU
[0m[UTIL]   time manager configuration: [time source: reatime] [mode: standalone] [server IP: 127.0.0.1} [server port: 7374] (server IP/port not used)
[0m[F1AP]   F1AP_CU_SCTP_REQ(create socket) for 127.0.0.5 len 10
[0m[GTPU]   Initializing UDP for local address 127.0.0.5 with port 2152
[0m[GTPU]   Created gtpu instance id: 95
[0m[NR_RRC]   Received F1 Setup Request from gNB_DU 3584 (gNB-Eurecom-DU) on assoc_id 28415
[0m[NR_RRC]   Accepting DU 3584 (gNB-Eurecom-DU), sending F1 Setup Response
[0m[NR_RRC]   DU uses RRC version 17.3.0
[0m[NR_RRC]   cell PLMN 001.01 Cell ID 1 is in service
[0m[NR_RRC]   Decoding CCCH: RNTI b794, payload_size 6
[0m[32m[NR_RRC]   [--] (cellID 0, UE ID 1 RNTI b794) Create UE context: CU UE ID 1 DU UE ID 46996 (rnti: b794, random ue id 3c7d92be80000000)
[0m[RRC]   activate SRB 1 of UE 1
[0m[32m[NR_RRC]   [DL] (cellID 1, UE ID 1 RNTI b794) Send RRC Setup
[0m[32m[NR_RRC]   [UL] (cellID 1, UE ID 1 RNTI b794) Received RRCSetupComplete (RRC_CONNECTED reached)
[0m[93m[NGAP]   No AMF is associated to the gNB
[0m
===== DU stdout (tail -n 100) =====
TYPE <CTRL-C> TO TERMINATE
[PHY]   RU 0 rf device ready
[0m[PHY]   RU 0 RF started cpu_meas_enabled 0
[0m[HW]   No connected device, generating void samples...
[0m[HW]   A client connects, sending the current time
[0m[93m[HW]   Not supported to send Tx out of order 23500800, 23500799
[0m[32m[PHY]   Command line parameters for OAI UE: -C 3619200000 -r 106 --numerology 1 --ssb 516 
[0m[NR_MAC]   Frame.Slot 128.0

[0m[32m[NR_PHY]   [RAPROC] 167.19 Initiating RA procedure with preamble 7, energy 43.5 dB (I0 0, thres 120), delay 0 start symbol 8 freq index 0
[0m[32m[NR_MAC]   167.19 UE RA-RNTI 0113 TC-RNTI b794: initiating RA procedure
[0m[NR_MAC]   UE b794: Msg3 scheduled at 168.17 (168.7 TDA 3) start 0 RBs 8
[0m[32m[NR_MAC]   UE b794: 168.7 Generating RA-Msg2 DCI, RA RNTI 0x113, state 1, preamble_index(RAPID) 7, timing_offset = 0 (estimated distance 0.0 [m])
[0m[32m[NR_MAC]   168.7 Send RAR to RA-RNTI 0113
[0m[32m[NR_MAC]    168.17 PUSCH with TC_RNTI 0xb794 received correctly
[0m[MAC]   [RAPROC] Received SDU for CCCH length 6 for UE b794
[0m[RLC]   Activated srb0 for UE 46996
[0m[RLC]   Added srb 1 to UE 46996
[0m[NR_MAC]   Activating scheduling Msg4 for TC_RNTI 0xb794 (state WAIT_Msg3)
[0m[NR_MAC]   UE b794 Generate Msg4: feedback at  169. 9, payload 161 bytes, next state nrRA_WAIT_Msg4_MsgB_ACK
[0m[NR_MAC]   Adding new UE context with RNTI 0xb794
[0m[32m[NR_MAC]    169. 9 UE b794: Received Ack of Msg4. CBRA procedure succeeded!
[0m[NR_MAC]   Frame.Slot 256.0
UE RNTI b794 CU-UE-ID 1 in-sync PH 48 dB PCMAX 20 dBm, average RSRP -44 (10 meas)
UE b794: dlsch_rounds 2/0/0/0, dlsch_errors 0, pucch0_DTX 0, BLER 0.10000 MCS (0) 0
UE b794: ulsch_rounds 11/0/0/0, ulsch_errors 0, ulsch_DTX 0, BLER 0.04305 MCS (0) 0 (Qm 2 deltaMCS 0 dB) NPRB 5  SNR 56.5 dB
UE b794: MAC:    TX             17 RX            210 bytes
UE b794: LCID 1: TX              3 RX             45 bytes

[0m[NR_MAC]   Frame.Slot 384.0
UE RNTI b794 CU-UE-ID 1 in-sync PH 48 dB PCMAX 20 dBm, average RSRP -44 (16 meas)
UE b794: dlsch_rounds 4/0/0/0, dlsch_errors 0, pucch0_DTX 0, BLER 0.08100 MCS (0) 0
UE b794: ulsch_rounds 24/0/0/0, ulsch_errors 0, ulsch_DTX 0, BLER 0.01094 MCS (0) 0 (Qm 2 deltaMCS 0 dB) NPRB 5  SNR 56.5 dB
UE b794: MAC:    TX             51 RX            431 bytes
UE b794: LCID 1: TX              3 RX             45 bytes

[0m[NR_MAC]   Frame.Slot 512.0
UE RNTI b794 CU-UE-ID 1 in-sync PH 48 dB PCMAX 20 dBm, average RSRP -44 (16 meas)
UE b794: dlsch_rounds 5/0/0/0, dlsch_errors 0, pucch0_DTX 0, BLER 0.07290 MCS (0) 0
UE b794: ulsch_rounds 37/0/0/0, ulsch_errors 0, ulsch_DTX 0, BLER 0.00278 MCS (0) 0 (Qm 2 deltaMCS 0 dB) NPRB 5  SNR 56.5 dB
UE b794: MAC:    TX             68 RX            652 bytes
UE b794: LCID 1: TX              3 RX             45 bytes

[0m[NR_MAC]   Frame.Slot 640.0
UE RNTI b794 CU-UE-ID 1 in-sync PH 48 dB PCMAX 20 dBm, average RSRP -44 (16 meas)
UE b794: dlsch_rounds 6/0/0/0, dlsch_errors 0, pucch0_DTX 0, BLER 0.06561 MCS (0) 0
UE b794: ulsch_rounds 49/0/0/0, ulsch_errors 0, ulsch_DTX 0, BLER 0.00079 MCS (0) 0 (Qm 2 deltaMCS 0 dB) NPRB 5  SNR 56.5 dB
UE b794: MAC:    TX             85 RX            856 bytes
UE b794: LCID 1: TX              3 RX             45 bytes

[0m[NR_MAC]   Frame.Slot 768.0
UE RNTI b794 CU-UE-ID 1 in-sync PH 48 dB PCMAX 20 dBm, average RSRP -44 (16 meas)
UE b794: dlsch_rounds 7/0/0/0, dlsch_errors 0, pucch0_DTX 0, BLER 0.05905 MCS (0) 0
UE b794: ulsch_rounds 62/0/0/0, ulsch_errors 0, ulsch_DTX 0, BLER 0.00020 MCS (0) 0 (Qm 2 deltaMCS 0 dB) NPRB 5  SNR 56.5 dB
UE b794: MAC:    TX            102 RX           1077 bytes
UE b794: LCID 1: TX              3 RX             45 bytes

[0m[NR_MAC]   Frame.Slot 896.0
UE RNTI b794 CU-UE-ID 1 in-sync PH 48 dB PCMAX 20 dBm, average RSRP -44 (16 meas)
UE b794: dlsch_rounds 9/0/0/0, dlsch_errors 0, pucch0_DTX 0, BLER 0.04783 MCS (0) 0
UE b794: ulsch_rounds 75/0/0/0, ulsch_errors 0, ulsch_DTX 0, BLER 0.00005 MCS (0) 0 (Qm 2 deltaMCS 0 dB) NPRB 5  SNR 56.5 dB
UE b794: MAC:    TX            136 RX           1298 bytes
UE b794: LCID 1: TX              3 RX             45 bytes

[0m[NR_MAC]   Frame.Slot 0.0
UE RNTI b794 CU-UE-ID 1 in-sync PH 48 dB PCMAX 20 dBm, average RSRP -44 (16 meas)
UE b794: dlsch_rounds 10/0/0/0, dlsch_errors 0, pucch0_DTX 0, BLER 0.04305 MCS (0) 0
UE b794: ulsch_rounds 88/0/0/0, ulsch_errors 0, ulsch_DTX 0, BLER 0.00001 MCS (0) 0 (Qm 2 deltaMCS 0 dB) NPRB 5  SNR 56.5 dB
UE b794: MAC:    TX            153 RX           1519 bytes
UE b794: LCID 1: TX              3 RX             45 bytes

[0m[NR_MAC]   Frame.Slot 128.0
UE RNTI b794 CU-UE-ID 1 in-sync PH 48 dB PCMAX 20 dBm, average RSRP -44 (16 meas)
UE b794: dlsch_rounds 11/0/0/0, dlsch_errors 0, pucch0_DTX 0, BLER 0.03874 MCS (0) 0
UE b794: ulsch_rounds 101/0/0/0, ulsch_errors 0, ulsch_DTX 0, BLER 0.00000 MCS (0) 0 (Qm 2 deltaMCS 0 dB) NPRB 5  SNR 56.5 dB
UE b794: MAC:    TX            170 RX           1740 bytes
UE b794: LCID 1: TX              3 RX             45 bytes

[0m[NR_MAC]   Frame.Slot 256.0
UE RNTI b794 CU-UE-ID 1 in-sync PH 48 dB PCMAX 20 dBm, average RSRP -44 (16 meas)
UE b794: dlsch_rounds 13/0/0/0, dlsch_errors 0, pucch0_DTX 0, BLER 0.03138 MCS (0) 0
UE b794: ulsch_rounds 113/0/0/0, ulsch_errors 0, ulsch_DTX 0, BLER 0.00000 MCS (0) 0 (Qm 2 deltaMCS 0 dB) NPRB 5  SNR 56.5 dB
UE b794: MAC:    TX            204 RX           1944 bytes
UE b794: LCID 1: TX              3 RX             45 bytes

[0m[NR_MAC]   Frame.Slot 384.0
UE RNTI b794 CU-UE-ID 1 in-sync PH 48 dB PCMAX 20 dBm, average RSRP -44 (16 meas)
UE b794: dlsch_rounds 14/0/0/0, dlsch_errors 0, pucch0_DTX 0, BLER 0.02824 MCS (0) 0
UE b794: ulsch_rounds 126/0/0/0, ulsch_errors 0, ulsch_DTX 0, BLER 0.00000 MCS (0) 0 (Qm 2 deltaMCS 0 dB) NPRB 5  SNR 56.5 dB
UE b794: MAC:    TX            221 RX           2165 bytes
UE b794: LCID 1: TX              3 RX             45 bytes

[0m[NR_MAC]   Frame.Slot 512.0
UE RNTI b794 CU-UE-ID 1 in-sync PH 48 dB PCMAX 20 dBm, average RSRP -44 (16 meas)
UE b794: dlsch_rounds 15/0/0/0, dlsch_errors 0, pucch0_DTX 0, BLER 0.02542 MCS (0) 0
UE b794: ulsch_rounds 139/0/0/0, ulsch_errors 0, ulsch_DTX 0, BLER 0.00000 MCS (0) 0 (Qm 2 deltaMCS 0 dB) NPRB 5  SNR 56.5 dB
UE b794: MAC:    TX            238 RX           2386 bytes
UE b794: LCID 1: TX              3 RX             45 bytes

[0m
===== UE stdout (tail -n 100) =====
[0m[PHY]   HW: Configuring channel 0 (rf_chain 0): setting tx_freq 3619200000 Hz, rx_freq 3619200000 Hz, tune_offset 0
[0m[PHY]   HW: Configuring channel 0 (rf_chain 0): setting tx_gain 0, rx_gain 110
[0m[PHY]   HW: Configuring card 7, sample_rate 61440000.000000, tx/rx num_channels 1/1, duplex_mode TDD
[0m[PHY]   HW: Configuring channel 0 (rf_chain 0): setting tx_freq 3619200000 Hz, rx_freq 3619200000 Hz, tune_offset 0
[0m[PHY]   HW: Configuring channel 0 (rf_chain 0): setting tx_gain 0, rx_gain 110
[0m[PHY]   Intializing UE Threads for instance 0 ...
[0m[UTIL]   threadCreate() for UEthread_0: creating thread with affinity ffffffff, priority 97
[0m[UTIL]   threadCreate() for L1_UE_stats_0: creating thread with affinity ffffffff, priority 1
[0m[HW]   Running as client: will connect to a rfsimulator server side
[0m[HW]   [RRU] has loaded RFSIMULATOR device.
[0m[HW]   Trying to connect to 127.0.0.1:4043
[0m[HW]   connect() to 127.0.0.1:4043 failed, errno(111)
[0m[HW]   Trying to connect to 127.0.0.1:4043
[0m[HW]   connect() to 127.0.0.1:4043 failed, errno(111)
[0m[HW]   Trying to connect to 127.0.0.1:4043
[0m[HW]   connect() to 127.0.0.1:4043 failed, errno(111)
[0m[HW]   Trying to connect to 127.0.0.1:4043
[0m[HW]   connect() to 127.0.0.1:4043 failed, errno(111)
[0m[HW]   Trying to connect to 127.0.0.1:4043
[0m[HW]   connect() to 127.0.0.1:4043 failed, errno(111)
[0m[HW]   Trying to connect to 127.0.0.1:4043
[0m[HW]   connect() to 127.0.0.1:4043 failed, errno(111)
[0m[HW]   Trying to connect to 127.0.0.1:4043
[0m[HW]   connect() to 127.0.0.1:4043 failed, errno(111)
[0m[HW]   Trying to connect to 127.0.0.1:4043
[0m[HW]   connect() to 127.0.0.1:4043 failed, errno(111)
[0m[HW]   Trying to connect to 127.0.0.1:4043
[0m[HW]   Connection to 127.0.0.1:4043 established
[0m[93m[PHY]   SSB position provided
[0m[93m[NR_PHY]   Starting sync detection
[0m[PHY]   [UE thread Synch] Running Initial Synch 
[0m[NR_PHY]   Starting cell search with center freq: 3619200000, bandwidth: 106. Scanning for 1 number of GSCN.
[0m[NR_PHY]   Scanning GSCN: 0, with SSB offset: 516, SSB Freq: 0.000000
[0m[PHY]   Initial sync: pbch decoded sucessfully, ssb index 0
[0m[PHY]   pbch rx ok. rsrp:51 dB/RE, adjust_rxgain:-1 dB
[0m[NR_PHY]   Cell Detected with GSCN: 0, SSB SC offset: 516, SSB Ref: 0.000000, PSS Corr peak: 99 dB, PSS Corr Average: 63
[0m[PHY]   [UE0] In synch, rx_offset 491520 samples
[0m[PHY]   [UE 0] Measured Carrier Frequency offset 6 Hz
[0m[32m[PHY]   Initial sync successful, PCI: 0
[0m[PHY]   HW: Configuring channel 0 (rf_chain 0): setting tx_freq 3619200006 Hz, rx_freq 3619200006 Hz, tune_offset 0
[0m[PHY]   Got synch: hw_slot_offset 32, carrier off 6 Hz, rxgain 0.000000 (DL 3619200006.000000 Hz, UL 3619200006.000000 Hz)
[0m[32m[PHY]   UE synchronized! decoded_frame_rx=140 UE->init_sync_frame=0 trashed_frames=24
[0m[PHY]   Resynchronizing RX by 491520 samples
[0m[HW]   received write reorder clear context
[0m[32m[NR_RRC]   SIB1 decoded
[0m[NR_MAC]   TDD period index = 6, based on the sum of dl_UL_TransmissionPeriodicity from Pattern1 (5.000000 ms) and Pattern2 (0.000000 ms): Total = 5.000000 ms
[0m[NR_MAC]   Set TDD configuration period to: 8 DL slots, 3 UL slots, 10 slots per period (NR_TDD_UL_DL_Pattern is 7 DL slots, 2 UL slots, 6 DL symbols, 4 UL symbols)
[0m[NR_MAC]   Configured 1 TDD patterns (total slots: pattern1 = 10, pattern2 = 0)
[0m[PHY]   N_TA_offset changed from 0 to 800
[0m[MAC]   Initialization of 4-Step CBRA procedure
[0m[NR_MAC]   PRACH scheduler: Selected RO Frame 167, Slot 19, Symbol 8, Fdm 0
[0m[PHY]   PRACH [UE 0] in frame.slot 167.19, placing PRACH in position 2828, Msg1/MsgA-Preamble frequency start 0 (k1 0), preamble_offset 1, first_nonzero_root_idx 0, preambleIndex = 7
[0m[PHY]   RAR-Msg2 decoded
[0m[NR_MAC]   [UE 0][RAPROC][RA-RNTI 0113] Got BI RAR subPDU 5 ms
[0m[NR_MAC]   [UE 0][RAPROC][RA-RNTI 0113] Got RAPID RAR subPDU
[0m[32m[NR_MAC]   [UE 0][RAPROC][168.7] Found RAR with the intended RAPID 7
[0m[93m[MAC]   received TA command 31
[0m[32m[NR_MAC]   [RAPROC][168.17] RA-Msg3 transmitted
[0m[32m[MAC]   [UE 0][169.3][RAPROC] 4-Step RA procedure succeeded. CBRA: Contention Resolution is successful.
[0m[NR_RRC]   [UE0][RAPROC] Logical Channel DL-CCCH (SRB0), Received NR_RRCSetup
[0m[RLC]   Added srb 1 to UE 0
[0m[NR_RRC]   State = NR_RRC_CONNECTED
[0m[NAS]   Generate Initial NAS Message: Registration Request
[0m[NR_RRC]   [UE 0][RAPROC] Logical Channel UL-DCCH (SRB1), Generating RRCSetupComplete (bytes33)
[0m[NAS]   [UE 0] Received NR_NAS_CONN_ESTABLISH_IND: asCause 0
[0m[MAC]   [UE 0] Applying CellGroupConfig from gNodeB
[0m[NR_MAC]   UE 0 stats sfn: 256.8, cumulated bad DCI 0
    DL harq: 2/0
    Ul harq: 12/0 avg code rate 0.1, avg bit/symbol 2.1, avg per TB: (nb RBs 11.0, nb symbols 10.5)
[0m[NR_MAC]   UE 0 stats sfn: 384.8, cumulated bad DCI 0
    DL harq: 4/0
    Ul harq: 25/0 avg code rate 0.1, avg bit/symbol 2.1, avg per TB: (nb RBs 7.9, nb symbols 11.8)
[0m[NR_MAC]   UE 0 stats sfn: 512.8, cumulated bad DCI 0
    DL harq: 5/0
    Ul harq: 38/0 avg code rate 0.1, avg bit/symbol 2.1, avg per TB: (nb RBs 6.9, nb symbols 12.2)
[0m[NR_MAC]   UE 0 stats sfn: 640.8, cumulated bad DCI 0
    DL harq: 6/0
    Ul harq: 50/0 avg code rate 0.1, avg bit/symbol 2.1, avg per TB: (nb RBs 6.4, nb symbols 12.4)
[0m[NR_MAC]   UE 0 stats sfn: 768.8, cumulated bad DCI 0
    DL harq: 8/0
    Ul harq: 63/0 avg code rate 0.1, avg bit/symbol 2.1, avg per TB: (nb RBs 6.1, nb symbols 12.5)
[0m[NR_MAC]   UE 0 stats sfn: 896.8, cumulated bad DCI 0
    DL harq: 9/0
    Ul harq: 76/0 avg code rate 0.1, avg bit/symbol 2.1, avg per TB: (nb RBs 5.9, nb symbols 12.6)
[0m[NR_MAC]   UE 0 stats sfn: 0.8, cumulated bad DCI 0
    DL harq: 10/0
    Ul harq: 89/0 avg code rate 0.1, avg bit/symbol 2.1, avg per TB: (nb RBs 5.8, nb symbols 12.7)
[0m[NR_MAC]   UE 0 stats sfn: 128.8, cumulated bad DCI 0
    DL harq: 11/0
    Ul harq: 102/0 avg code rate 0.1, avg bit/symbol 2.1, avg per TB: (nb RBs 5.7, nb symbols 12.7)
[0m[NR_MAC]   UE 0 stats sfn: 256.8, cumulated bad DCI 0
    DL harq: 13/0
    Ul harq: 114/0 avg code rate 0.1, avg bit/symbol 2.1, avg per TB: (nb RBs 5.6, nb symbols 12.7)
[0m[NR_MAC]   UE 0 stats sfn: 384.8, cumulated bad DCI 0
    DL harq: 14/0
    Ul harq: 127/0 avg code rate 0.1, avg bit/symbol 2.1, avg per TB: (nb RBs 5.6, nb symbols 12.8)
[0m[NR_MAC]   UE 0 stats sfn: 512.8, cumulated bad DCI 0
    DL harq: 15/0
    Ul harq: 140/0 avg code rate 0.1, avg bit/symbol 2.1, avg per TB: (nb RBs 5.5, nb symbols 12.8)
[0m
